<?xml version="1.0" encoding="UTF-8"?>
<!-- Generated by org.testng.reporters.JUnitXMLReporter -->
<testsuite hostname="localhost.localdomain" ignored="1" name="Command line test" tests="1" failures="0" timestamp="18 Apr 2019 10:23:21 GMT" time="156.486" errors="0">
  <testcase name="endToEnd" time="155.482" classname="com.combats.GameTest"/>
  <testcase name="@BeforeTest beforeTest" time="0.0" classname="com.combats.BaseTest">
    <ignored/>
  </testcase> <!-- @BeforeTest beforeTest -->
</testsuite> <!-- Command line test -->
