<?xml version="1.0" encoding="UTF-8"?>
<testng-results skipped="0" failed="0" ignored="0" total="0" passed="0">
  <reporter-output>
  </reporter-output>
  <suite name="com.combats.BaseTest" duration-ms="1206" started-at="2019-04-18T14:06:43Z" finished-at="2019-04-18T14:06:44Z">
    <groups>
    </groups>
    <test name="Command line test" duration-ms="1206" started-at="2019-04-18T14:06:43Z" finished-at="2019-04-18T14:06:44Z">
      <class name="com.combats.BaseTest">
        <test-method status="PASS" signature="beforeTest()[pri:0, instance:com.combats.BaseTest@52af6cff]" name="beforeTest" is-config="true" duration-ms="1201" started-at="2019-04-18T14:06:43Z" finished-at="2019-04-18T14:06:44Z">
          <reporter-output>
          </reporter-output>
        </test-method> <!-- beforeTest -->
      </class> <!-- com.combats.BaseTest -->
    </test> <!-- Command line test -->
  </suite> <!-- com.combats.BaseTest -->
</testng-results>
